0 info it worked if it ends with ok
1 verbose cli [ 'node',
1 verbose cli   '/usr/local/bin/npm',
1 verbose cli   'install',
1 verbose cli   '-g',
1 verbose cli   'generator-gulp-webapp' ]
2 info using npm@1.4.28
3 info using node@v0.10.33
4 verbose cache add [ 'generator-gulp-webapp', null ]
5 verbose cache add name=undefined spec="generator-gulp-webapp" args=["generator-gulp-webapp",null]
6 verbose parsed url { protocol: null,
6 verbose parsed url   slashes: null,
6 verbose parsed url   auth: null,
6 verbose parsed url   host: null,
6 verbose parsed url   port: null,
6 verbose parsed url   hostname: null,
6 verbose parsed url   hash: null,
6 verbose parsed url   search: null,
6 verbose parsed url   query: null,
6 verbose parsed url   pathname: 'generator-gulp-webapp',
6 verbose parsed url   path: 'generator-gulp-webapp',
6 verbose parsed url   href: 'generator-gulp-webapp' }
7 silly lockFile 41f84260-generator-gulp-webapp generator-gulp-webapp
8 verbose lock generator-gulp-webapp /Users/Macsimus/.npm/41f84260-generator-gulp-webapp.lock
9 silly lockFile 41f84260-generator-gulp-webapp generator-gulp-webapp
10 silly lockFile 41f84260-generator-gulp-webapp generator-gulp-webapp
11 verbose addNamed [ 'generator-gulp-webapp', '' ]
12 verbose addNamed [ null, '*' ]
13 silly lockFile 634d1dc1-generator-gulp-webapp generator-gulp-webapp@
14 verbose lock generator-gulp-webapp@ /Users/Macsimus/.npm/634d1dc1-generator-gulp-webapp.lock
15 silly addNameRange { name: 'generator-gulp-webapp', range: '*', hasData: false }
16 verbose request where is /generator-gulp-webapp
17 verbose request registry https://registry.npmjs.org/
18 verbose request id 51edc886c412911b
19 verbose url raw /generator-gulp-webapp
20 verbose url resolving [ 'https://registry.npmjs.org/', './generator-gulp-webapp' ]
21 verbose url resolved https://registry.npmjs.org/generator-gulp-webapp
22 verbose request where is https://registry.npmjs.org/generator-gulp-webapp
23 info trying registry request attempt 1 at 17:06:26
24 http GET https://registry.npmjs.org/generator-gulp-webapp
25 http 200 https://registry.npmjs.org/generator-gulp-webapp
26 silly registry.get cb [ 200,
26 silly registry.get   { date: 'Tue, 20 Jan 2015 22:06:30 GMT',
26 silly registry.get     server: 'CouchDB/1.5.0 (Erlang OTP/R16B03)',
26 silly registry.get     etag: '"98LK2C6ZD2GYYQ4J4KJVCPJPQ"',
26 silly registry.get     'content-type': 'application/json',
26 silly registry.get     'cache-control': 'max-age=60',
26 silly registry.get     'content-length': '14750',
26 silly registry.get     'accept-ranges': 'bytes',
26 silly registry.get     via: '1.1 varnish',
26 silly registry.get     age: '0',
26 silly registry.get     'x-served-by': 'cache-jfk1027-JFK',
26 silly registry.get     'x-cache': 'MISS',
26 silly registry.get     'x-cache-hits': '0',
26 silly registry.get     'x-timer': 'S1421791590.526804,VS0,VE13',
26 silly registry.get     vary: 'Accept',
26 silly registry.get     'keep-alive': 'timeout=10, max=50',
26 silly registry.get     connection: 'Keep-Alive' } ]
27 silly addNameRange number 2 { name: 'generator-gulp-webapp', range: '*', hasData: true }
28 silly addNameRange versions [ 'generator-gulp-webapp',
28 silly addNameRange   [ '0.0.1',
28 silly addNameRange     '0.0.3',
28 silly addNameRange     '0.0.4',
28 silly addNameRange     '0.0.5',
28 silly addNameRange     '0.0.6',
28 silly addNameRange     '0.0.7',
28 silly addNameRange     '0.0.8',
28 silly addNameRange     '0.1.0',
28 silly addNameRange     '0.2.0' ] ]
29 verbose addNamed [ 'generator-gulp-webapp', '0.2.0' ]
30 verbose addNamed [ '0.2.0', '0.2.0' ]
31 silly lockFile 3b42be80-generator-gulp-webapp-0-2-0 generator-gulp-webapp@0.2.0
32 verbose lock generator-gulp-webapp@0.2.0 /Users/Macsimus/.npm/3b42be80-generator-gulp-webapp-0-2-0.lock
33 silly lockFile 53e3d9f7--generator-gulp-webapp-0-2-0-tgz https://registry.npmjs.org/generator-gulp-webapp/-/generator-gulp-webapp-0.2.0.tgz
34 verbose lock https://registry.npmjs.org/generator-gulp-webapp/-/generator-gulp-webapp-0.2.0.tgz /Users/Macsimus/.npm/53e3d9f7--generator-gulp-webapp-0-2-0-tgz.lock
35 verbose addRemoteTarball [ 'https://registry.npmjs.org/generator-gulp-webapp/-/generator-gulp-webapp-0.2.0.tgz',
35 verbose addRemoteTarball   '94028743707dba1be493ca2dd3f705a6fd216aea' ]
36 info retry fetch attempt 1 at 17:06:30
37 verbose fetch to= /var/folders/x5/lh_14tqx4ldc_09lxs08vvpm0000gn/T/npm-2870-ENw_86XG/registry.npmjs.org/generator-gulp-webapp/-/generator-gulp-webapp-0.2.0.tgz
38 http GET https://registry.npmjs.org/generator-gulp-webapp/-/generator-gulp-webapp-0.2.0.tgz
39 http 200 https://registry.npmjs.org/generator-gulp-webapp/-/generator-gulp-webapp-0.2.0.tgz
40 silly lockFile 53e3d9f7--generator-gulp-webapp-0-2-0-tgz https://registry.npmjs.org/generator-gulp-webapp/-/generator-gulp-webapp-0.2.0.tgz
41 silly lockFile 53e3d9f7--generator-gulp-webapp-0-2-0-tgz https://registry.npmjs.org/generator-gulp-webapp/-/generator-gulp-webapp-0.2.0.tgz
42 silly lockFile 3b42be80-generator-gulp-webapp-0-2-0 generator-gulp-webapp@0.2.0
43 silly lockFile 3b42be80-generator-gulp-webapp-0-2-0 generator-gulp-webapp@0.2.0
44 silly lockFile 634d1dc1-generator-gulp-webapp generator-gulp-webapp@
45 silly lockFile 634d1dc1-generator-gulp-webapp generator-gulp-webapp@
46 silly resolved [ { name: 'generator-gulp-webapp',
46 silly resolved     version: '0.2.0',
46 silly resolved     description: 'Scaffold out a front-end web app',
46 silly resolved     license: 'BSD',
46 silly resolved     repository:
46 silly resolved      { type: 'git',
46 silly resolved        url: 'https://github.com/yeoman/generator-gulp-webapp' },
46 silly resolved     author: { name: 'The Yeoman Team' },
46 silly resolved     main: 'app/index.js',
46 silly resolved     engines: { node: '>=0.10.0', npm: '>=1.3' },
46 silly resolved     scripts: { test: 'mocha --reporter spec' },
46 silly resolved     files: [ 'app' ],
46 silly resolved     keywords:
46 silly resolved      [ 'yeoman-generator',
46 silly resolved        'web',
46 silly resolved        'app',
46 silly resolved        'front-end',
46 silly resolved        'h5bp',
46 silly resolved        'modernizr',
46 silly resolved        'jquery',
46 silly resolved        'gulp' ],
46 silly resolved     dependencies:
46 silly resolved      { chalk: '^0.5.1',
46 silly resolved        cheerio: '^0.17.0',
46 silly resolved        wiredep: '^1.4.3',
46 silly resolved        'yeoman-generator': '^0.17.7',
46 silly resolved        yosay: '^1.0.0' },
46 silly resolved     peerDependencies: { yo: '>=1.0.0', 'generator-mocha': '>=0.1.0', gulp: '>=3.5.0' },
46 silly resolved     devDependencies: { mocha: '*' },
46 silly resolved     gitHead: 'cf413f25b13ac90667ff54dc85c4c3d2ed92119a',
46 silly resolved     bugs: { url: 'https://github.com/yeoman/generator-gulp-webapp/issues' },
46 silly resolved     homepage: 'https://github.com/yeoman/generator-gulp-webapp',
46 silly resolved     _id: 'generator-gulp-webapp@0.2.0',
46 silly resolved     _shasum: '94028743707dba1be493ca2dd3f705a6fd216aea',
46 silly resolved     _from: 'generator-gulp-webapp@',
46 silly resolved     _npmVersion: '2.1.5',
46 silly resolved     _nodeVersion: '0.10.32',
46 silly resolved     _npmUser: { name: 'sindresorhus', email: 'sindresorhus@gmail.com' },
46 silly resolved     maintainers: [ [Object], [Object], [Object], [Object], [Object] ],
46 silly resolved     dist:
46 silly resolved      { shasum: '94028743707dba1be493ca2dd3f705a6fd216aea',
46 silly resolved        tarball: 'http://registry.npmjs.org/generator-gulp-webapp/-/generator-gulp-webapp-0.2.0.tgz' },
46 silly resolved     directories: {},
46 silly resolved     _resolved: 'https://registry.npmjs.org/generator-gulp-webapp/-/generator-gulp-webapp-0.2.0.tgz' } ]
47 info install generator-gulp-webapp@0.2.0 into /usr/local/lib
48 info installOne generator-gulp-webapp@0.2.0
49 verbose lib/node_modules/generator-gulp-webapp unbuild
50 verbose tar unpack /Users/Macsimus/.npm/generator-gulp-webapp/0.2.0/package.tgz
51 silly lockFile 84250051-de-modules-generator-gulp-webapp tar:///usr/local/lib/node_modules/generator-gulp-webapp
52 verbose lock tar:///usr/local/lib/node_modules/generator-gulp-webapp /Users/Macsimus/.npm/84250051-de-modules-generator-gulp-webapp.lock
53 silly lockFile daccc387-or-gulp-webapp-0-2-0-package-tgz tar:///Users/Macsimus/.npm/generator-gulp-webapp/0.2.0/package.tgz
54 verbose lock tar:///Users/Macsimus/.npm/generator-gulp-webapp/0.2.0/package.tgz /Users/Macsimus/.npm/daccc387-or-gulp-webapp-0-2-0-package-tgz.lock
55 silly gunzTarPerm modes [ '755', '644' ]
56 error Error: EACCES, mkdir '/usr/local/lib/node_modules/generator-gulp-webapp'
56 error  { [Error: EACCES, mkdir '/usr/local/lib/node_modules/generator-gulp-webapp']
56 error   errno: 3,
56 error   code: 'EACCES',
56 error   path: '/usr/local/lib/node_modules/generator-gulp-webapp',
56 error   fstream_type: 'Directory',
56 error   fstream_path: '/usr/local/lib/node_modules/generator-gulp-webapp',
56 error   fstream_class: 'DirWriter',
56 error   fstream_stack:
56 error    [ '/usr/local/lib/node_modules/npm/node_modules/fstream/lib/dir-writer.js:36:23',
56 error      '/usr/local/lib/node_modules/npm/node_modules/mkdirp/index.js:46:53',
56 error      'Object.oncomplete (fs.js:107:15)' ] }
57 error Please try running this command again as root/Administrator.
58 error System Darwin 14.0.0
59 error command "node" "/usr/local/bin/npm" "install" "-g" "generator-gulp-webapp"
60 error cwd /Users/Macsimus/TheIronYard/TIY-Assignments/TA-Bootstrap-Demo/app
61 error node -v v0.10.33
62 error npm -v 1.4.28
63 error path /usr/local/lib/node_modules/generator-gulp-webapp
64 error fstream_path /usr/local/lib/node_modules/generator-gulp-webapp
65 error fstream_type Directory
66 error fstream_class DirWriter
67 error code EACCES
68 error errno 3
69 error stack Error: EACCES, mkdir '/usr/local/lib/node_modules/generator-gulp-webapp'
70 error fstream_stack /usr/local/lib/node_modules/npm/node_modules/fstream/lib/dir-writer.js:36:23
70 error fstream_stack /usr/local/lib/node_modules/npm/node_modules/mkdirp/index.js:46:53
70 error fstream_stack Object.oncomplete (fs.js:107:15)
71 verbose exit [ 3, true ]
