0 info it worked if it ends with ok
1 verbose cli [ 'node', '/usr/local/bin/npm', 'ln', 'lodash' ]
2 info using npm@1.4.28
3 info using node@v0.10.32
4 verbose install where,what [ '/usr/local/lib', [ 'lodash' ] ]
5 verbose cache add [ 'lodash', null ]
6 verbose cache add name=undefined spec="lodash" args=["lodash",null]
7 verbose parsed url { protocol: null,
7 verbose parsed url   slashes: null,
7 verbose parsed url   auth: null,
7 verbose parsed url   host: null,
7 verbose parsed url   port: null,
7 verbose parsed url   hostname: null,
7 verbose parsed url   hash: null,
7 verbose parsed url   search: null,
7 verbose parsed url   query: null,
7 verbose parsed url   pathname: 'lodash',
7 verbose parsed url   path: 'lodash',
7 verbose parsed url   href: 'lodash' }
8 silly lockFile 901466a5-lodash lodash
9 verbose lock lodash /Users/Logan/.npm/901466a5-lodash.lock
10 silly lockFile 901466a5-lodash lodash
11 silly lockFile 901466a5-lodash lodash
12 verbose addNamed [ 'lodash', '' ]
13 verbose addNamed [ null, '*' ]
14 silly lockFile f856e425-lodash lodash@
15 verbose lock lodash@ /Users/Logan/.npm/f856e425-lodash.lock
16 silly addNameRange { name: 'lodash', range: '*', hasData: false }
17 verbose request where is /lodash
18 verbose request registry https://registry.npmjs.org/
19 verbose request id d1fba9deb6e25869
20 verbose url raw /lodash
21 verbose url resolving [ 'https://registry.npmjs.org/', './lodash' ]
22 verbose url resolved https://registry.npmjs.org/lodash
23 verbose request where is https://registry.npmjs.org/lodash
24 info trying registry request attempt 1 at 11:48:50
25 verbose etag "8DMJ9L0Z5JSIQQUU4YIC0V94O"
26 http GET https://registry.npmjs.org/lodash
27 http 304 https://registry.npmjs.org/lodash
28 silly registry.get cb [ 304,
28 silly registry.get   { date: 'Thu, 16 Oct 2014 15:48:51 GMT',
28 silly registry.get     server: 'Apache',
28 silly registry.get     via: '1.1 varnish',
28 silly registry.get     'last-modified': 'Thu, 16 Oct 2014 15:48:42 GMT',
28 silly registry.get     'cache-control': 'max-age=60',
28 silly registry.get     etag: '"8DMJ9L0Z5JSIQQUU4YIC0V94O"',
28 silly registry.get     age: '34',
28 silly registry.get     'x-served-by': 'cache-iad2126-IAD',
28 silly registry.get     'x-cache': 'HIT',
28 silly registry.get     'x-cache-hits': '4',
28 silly registry.get     'x-timer': 'S1413474531.292357,VS0,VE0',
28 silly registry.get     vary: 'Accept',
28 silly registry.get     'content-length': '0',
28 silly registry.get     'keep-alive': 'timeout=10, max=50',
28 silly registry.get     connection: 'Keep-Alive' } ]
29 verbose etag https://registry.npmjs.org/lodash from cache
30 silly addNameRange number 2 { name: 'lodash', range: '*', hasData: true }
31 silly addNameRange versions [ 'lodash',
31 silly addNameRange   [ '0.1.0',
31 silly addNameRange     '0.2.0',
31 silly addNameRange     '0.2.1',
31 silly addNameRange     '0.2.2',
31 silly addNameRange     '0.3.0',
31 silly addNameRange     '0.3.1',
31 silly addNameRange     '0.3.2',
31 silly addNameRange     '0.4.0',
31 silly addNameRange     '0.4.1',
31 silly addNameRange     '0.4.2',
31 silly addNameRange     '0.5.0-rc.1',
31 silly addNameRange     '0.5.0',
31 silly addNameRange     '0.5.1',
31 silly addNameRange     '0.5.2',
31 silly addNameRange     '0.6.0',
31 silly addNameRange     '0.6.1',
31 silly addNameRange     '0.7.0',
31 silly addNameRange     '0.8.0',
31 silly addNameRange     '0.8.1',
31 silly addNameRange     '0.8.2',
31 silly addNameRange     '0.9.0',
31 silly addNameRange     '0.9.1',
31 silly addNameRange     '0.9.2',
31 silly addNameRange     '0.10.0',
31 silly addNameRange     '1.0.0-rc.1',
31 silly addNameRange     '1.0.0-rc.2',
31 silly addNameRange     '1.0.0-rc.3',
31 silly addNameRange     '1.0.0',
31 silly addNameRange     '1.0.1',
31 silly addNameRange     '1.1.0',
31 silly addNameRange     '1.1.1',
31 silly addNameRange     '1.2.0',
31 silly addNameRange     '1.2.1',
31 silly addNameRange     '1.3.0',
31 silly addNameRange     '1.3.1',
31 silly addNameRange     '2.0.0',
31 silly addNameRange     '2.1.0',
31 silly addNameRange     '2.2.0',
31 silly addNameRange     '2.2.1',
31 silly addNameRange     '2.3.0',
31 silly addNameRange     '2.4.0',
31 silly addNameRange     '2.4.1' ] ]
32 verbose addNamed [ 'lodash', '2.4.1' ]
33 verbose addNamed [ '2.4.1', '2.4.1' ]
34 silly lockFile 8502be2a-lodash-2-4-1 lodash@2.4.1
35 verbose lock lodash@2.4.1 /Users/Logan/.npm/8502be2a-lodash-2-4-1.lock
36 silly lockFile 8502be2a-lodash-2-4-1 lodash@2.4.1
37 silly lockFile 8502be2a-lodash-2-4-1 lodash@2.4.1
38 silly lockFile f856e425-lodash lodash@
39 silly lockFile f856e425-lodash lodash@
40 silly resolved [ { name: 'lodash',
40 silly resolved     version: '2.4.1',
40 silly resolved     description: 'A utility library delivering consistency, customization, performance, & extras.',
40 silly resolved     homepage: 'http://lodash.com/',
40 silly resolved     license: 'MIT',
40 silly resolved     main: 'dist/lodash.js',
40 silly resolved     keywords:
40 silly resolved      [ 'amd',
40 silly resolved        'browser',
40 silly resolved        'client',
40 silly resolved        'customize',
40 silly resolved        'functional',
40 silly resolved        'server',
40 silly resolved        'util' ],
40 silly resolved     author:
40 silly resolved      { name: 'John-David Dalton',
40 silly resolved        email: 'john.david.dalton@gmail.com',
40 silly resolved        url: 'http://allyoucanleet.com/' },
40 silly resolved     contributors: [ [Object], [Object], [Object], [Object] ],
40 silly resolved     bugs: { url: 'https://github.com/lodash/lodash/issues' },
40 silly resolved     repository: { type: 'git', url: 'https://github.com/lodash/lodash.git' },
40 silly resolved     engines: [ 'node', 'rhino' ],
40 silly resolved     files:
40 silly resolved      [ 'LICENSE.txt',
40 silly resolved        'lodash.js',
40 silly resolved        'dist/lodash.js',
40 silly resolved        'dist/lodash.min.js',
40 silly resolved        'dist/lodash.compat.js',
40 silly resolved        'dist/lodash.compat.min.js',
40 silly resolved        'dist/lodash.underscore.js',
40 silly resolved        'dist/lodash.underscore.min.js' ],
40 silly resolved     jam: { main: 'dist/lodash.compat.js', include: [Object] },
40 silly resolved     volo: { type: 'directory', ignore: [Object] },
40 silly resolved     _id: 'lodash@2.4.1',
40 silly resolved     dist:
40 silly resolved      { shasum: '5b7723034dda4d262e5a46fb2c58d7cc22f71420',
40 silly resolved        tarball: 'http://registry.npmjs.org/lodash/-/lodash-2.4.1.tgz' },
40 silly resolved     _from: 'lodash@',
40 silly resolved     _npmVersion: '1.3.14',
40 silly resolved     _npmUser: { name: 'jdalton', email: 'john.david.dalton@gmail.com' },
40 silly resolved     maintainers: [ [Object], [Object], [Object], [Object] ],
40 silly resolved     directories: {},
40 silly resolved     _shasum: '5b7723034dda4d262e5a46fb2c58d7cc22f71420',
40 silly resolved     _resolved: 'https://registry.npmjs.org/lodash/-/lodash-2.4.1.tgz',
40 silly resolved     readme: 'ERROR: No README data found!' } ]
41 info install lodash@2.4.1 into /usr/local/lib
42 info installOne lodash@2.4.1
43 verbose unbuild
44 verbose tar unpack /Users/Logan/.npm/lodash/2.4.1/package.tgz
45 silly lockFile bbae722a-sr-local-lib-node-modules-lodash tar:///usr/local/lib/node_modules/lodash
46 verbose lock tar:///usr/local/lib/node_modules/lodash /Users/Logan/.npm/bbae722a-sr-local-lib-node-modules-lodash.lock
47 silly lockFile 69a250d4-gan-npm-lodash-2-4-1-package-tgz tar:///Users/Logan/.npm/lodash/2.4.1/package.tgz
48 verbose lock tar:///Users/Logan/.npm/lodash/2.4.1/package.tgz /Users/Logan/.npm/69a250d4-gan-npm-lodash-2-4-1-package-tgz.lock
49 silly gunzTarPerm modes [ '755', '644' ]
50 error Error: EACCES, mkdir '/usr/local/lib/node_modules/lodash'
50 error  { [Error: EACCES, mkdir '/usr/local/lib/node_modules/lodash']
50 error   errno: 3,
50 error   code: 'EACCES',
50 error   path: '/usr/local/lib/node_modules/lodash',
50 error   fstream_type: 'Directory',
50 error   fstream_path: '/usr/local/lib/node_modules/lodash',
50 error   fstream_class: 'DirWriter',
50 error   fstream_stack:
50 error    [ '/usr/local/lib/node_modules/npm/node_modules/fstream/lib/dir-writer.js:36:23',
50 error      '/usr/local/lib/node_modules/npm/node_modules/mkdirp/index.js:46:53',
50 error      'Object.oncomplete (fs.js:107:15)' ] }
51 error Please try running this command again as root/Administrator.
52 error System Darwin 13.4.0
53 error command "node" "/usr/local/bin/npm" "ln" "lodash"
54 error cwd /Users/Logan/TheIronYard/TIY-Assignments
55 error node -v v0.10.32
56 error npm -v 1.4.28
57 error path /usr/local/lib/node_modules/lodash
58 error fstream_path /usr/local/lib/node_modules/lodash
59 error fstream_type Directory
60 error fstream_class DirWriter
61 error code EACCES
62 error errno 3
63 error stack Error: EACCES, mkdir '/usr/local/lib/node_modules/lodash'
64 error fstream_stack /usr/local/lib/node_modules/npm/node_modules/fstream/lib/dir-writer.js:36:23
64 error fstream_stack /usr/local/lib/node_modules/npm/node_modules/mkdirp/index.js:46:53
64 error fstream_stack Object.oncomplete (fs.js:107:15)
65 verbose exit [ 3, true ]
